npm verb cli C:\Program Files\nodejs\node.exe C:\Program Files\nodejs\node_modules\npm\bin\npm-cli.js
npm info using npm@9.5.0
npm info using node@v18.14.2
npm verb title npm install
npm verb argv "install" "--legacy-peer-deps" "--loglevel" "verbose"
npm verb logfile logs-max:10 dir:C:\Users\LENOVO\AppData\Local\npm-cache\_logs\2023-10-06T05_26_14_339Z-
npm verb logfile C:\Users\LENOVO\AppData\Local\npm-cache\_logs\2023-10-06T05_26_14_339Z-debug-0.log
npm http fetch GET 200 https://registry.npmjs.org/cypress 1403ms (cache revalidated)
npm http fetch GET 200 https://registry.npmjs.org/browserstack-cypress-cli 858ms (cache revalidated)
npm http fetch GET 200 https://registry.npmjs.org/browserstack-local 584ms (cache revalidated)
npm http fetch GET 200 https://registry.npmjs.org/request 607ms (cache revalidated)
npm http fetch GET 200 https://registry.npmjs.org/mocha 614ms (cache revalidated)
npm http fetch GET 200 https://registry.npmjs.org/windows-release 632ms (cache revalidated)
npm http fetch GET 200 https://registry.npmjs.org/table 652ms (cache revalidated)
npm http fetch GET 200 https://registry.npmjs.org/chalk 677ms (cache revalidated)
npm http fetch GET 200 https://registry.npmjs.org/mkdirp 675ms (cache revalidated)
npm http fetch GET 200 https://registry.npmjs.org/glob 685ms (cache revalidated)
npm http fetch GET 200 https://registry.npmjs.org/cli-progress 696ms (cache revalidated)
npm http fetch GET 200 https://registry.npmjs.org/uuid 693ms (cache revalidated)
npm http fetch GET 200 https://registry.npmjs.org/archiver 706ms (cache revalidated)
npm http fetch GET 200 https://registry.npmjs.org/yargs 709ms (cache revalidated)
npm http fetch GET 200 https://registry.npmjs.org/async 728ms (cache revalidated)
npm http fetch GET 200 https://registry.npmjs.org/decompress 723ms (cache revalidated)
npm http fetch GET 200 https://registry.npmjs.org/fs-extra 734ms (cache revalidated)
npm http fetch GET 200 https://registry.npmjs.org/@types%2fnode 723ms (cache revalidated)
npm http fetch GET 200 https://registry.npmjs.org/@types%2fsizzle 760ms (cache revalidated)
npm http fetch GET 200 https://registry.npmjs.org/bluebird 760ms (cache revalidated)
npm http fetch GET 200 https://registry.npmjs.org/winston 773ms (cache revalidated)
npm http fetch GET 200 https://registry.npmjs.org/update-notifier 778ms (cache revalidated)
npm http fetch GET 200 https://registry.npmjs.org/arch 778ms (cache revalidated)
npm http fetch GET 200 https://registry.npmjs.org/chalk 779ms (cache revalidated)
npm http fetch GET 200 https://registry.npmjs.org/cli-table3 787ms (cache revalidated)
npm http fetch GET 200 https://registry.npmjs.org/buffer 794ms (cache revalidated)
npm http fetch GET 200 https://registry.npmjs.org/@types%2fsinonjs__fake-timers 803ms (cache revalidated)
npm http fetch GET 200 https://registry.npmjs.org/execa 802ms (cache revalidated)
npm http fetch GET 200 https://registry.npmjs.org/dayjs 809ms (cache revalidated)
npm http fetch GET 200 https://registry.npmjs.org/cli-cursor 828ms (cache revalidated)
npm http fetch GET 200 https://registry.npmjs.org/commander 828ms (cache revalidated)
npm http fetch GET 200 https://registry.npmjs.org/common-tags 834ms (cache revalidated)
npm http fetch GET 200 https://registry.npmjs.org/cachedir 869ms (cache revalidated)
npm http fetch GET 200 https://registry.npmjs.org/debug 865ms (cache revalidated)
npm http fetch GET 200 https://registry.npmjs.org/eventemitter2 870ms (cache revalidated)
npm http fetch GET 200 https://registry.npmjs.org/executable 877ms (cache revalidated)
npm http fetch GET 200 https://registry.npmjs.org/fs-extra 874ms (cache revalidated)
npm http fetch GET 200 https://registry.npmjs.org/is-installed-globally 881ms (cache revalidated)
npm http fetch GET 200 https://registry.npmjs.org/figures 887ms (cache revalidated)
npm http fetch GET 200 https://registry.npmjs.org/extract-zip 914ms (cache revalidated)
npm http fetch GET 200 https://registry.npmjs.org/log-symbols 905ms (cache revalidated)
npm http fetch GET 200 https://registry.npmjs.org/getos 917ms (cache revalidated)
npm http fetch GET 200 https://registry.npmjs.org/lazy-ass 924ms (cache revalidated)
npm http fetch GET 200 https://registry.npmjs.org/process 920ms (cache revalidated)
npm http fetch GET 200 https://registry.npmjs.org/minimist 940ms (cache revalidated)
npm http fetch GET 200 https://registry.npmjs.org/blob-util 976ms (cache revalidated)
npm http fetch GET 200 https://registry.npmjs.org/getmac 996ms (cache revalidated)
npm http fetch GET 200 https://registry.npmjs.org/lodash 959ms (cache revalidated)
npm http fetch GET 200 https://registry.npmjs.org/ospath 971ms (cache revalidated)
npm http fetch GET 200 https://registry.npmjs.org/listr2 981ms (cache revalidated)
npm http fetch GET 200 https://registry.npmjs.org/supports-color 969ms (cache revalidated)
npm http fetch GET 200 https://registry.npmjs.org/pretty-bytes 976ms (cache revalidated)
npm http fetch GET 200 https://registry.npmjs.org/yauzl 989ms (cache revalidated)
npm http fetch GET 200 https://registry.npmjs.org/check-more-types 1036ms (cache revalidated)
npm http fetch GET 200 https://registry.npmjs.org/semver 999ms (cache revalidated)
npm http fetch GET 200 https://registry.npmjs.org/proxy-from-env 1003ms (cache revalidated)
npm http fetch GET 200 https://registry.npmjs.org/untildify 998ms (cache revalidated)
npm http fetch GET 200 https://registry.npmjs.org/tmp 1000ms (cache revalidated)
npm http fetch GET 200 https://registry.npmjs.org/request-progress 1007ms (cache revalidated)
npm http fetch GET 200 https://registry.npmjs.org/enquirer 1040ms (cache revalidated)
npm http fetch GET 200 https://registry.npmjs.org/@cypress%2frequest 1114ms (cache revalidated)
npm http fetch GET 200 https://registry.npmjs.org/gitconfiglocal 1404ms (cache revalidated)
npm http fetch GET 200 https://registry.npmjs.org/requestretry 1441ms (cache revalidated)
npm http fetch GET 200 https://registry.npmjs.org/git-last-commit 1472ms (cache revalidated)
npm http fetch GET 200 https://registry.npmjs.org/git-repo-info 1478ms (cache revalidated)
npm http fetch GET 200 https://registry.npmjs.org/is-ci 1699ms (cache revalidated)
npm http fetch GET 200 https://registry.npmjs.org/node-ipc 1866ms (cache revalidated)
npm http fetch GET 200 https://registry.npmjs.org/@cypress%2fxvfb 2601ms (cache revalidated)
npm http fetch GET 200 https://registry.npmjs.org/decompress-tar 359ms (cache revalidated)
npm http fetch GET 200 https://registry.npmjs.org/tar-stream 366ms (cache revalidated)
npm http fetch GET 200 https://registry.npmjs.org/string-width 361ms (cache revalidated)
npm http fetch GET 200 https://registry.npmjs.org/zip-stream 368ms (cache revalidated)
npm http fetch GET 200 https://registry.npmjs.org/ansi-styles 365ms (cache revalidated)
npm http fetch GET 200 https://registry.npmjs.org/agent-base 367ms (cache revalidated)
npm http fetch GET 200 https://registry.npmjs.org/readable-stream 373ms (cache revalidated)
npm http fetch GET 200 https://registry.npmjs.org/https-proxy-agent 376ms (cache revalidated)
npm http fetch GET 200 https://registry.npmjs.org/decompress-targz 373ms (cache revalidated)
npm http fetch GET 200 https://registry.npmjs.org/is-running 382ms (cache revalidated)
npm http fetch GET 200 https://registry.npmjs.org/decompress-unzip 377ms (cache revalidated)
npm http fetch GET 200 https://registry.npmjs.org/make-dir 379ms (cache revalidated)
npm http fetch GET 200 https://registry.npmjs.org/universalify 375ms (cache revalidated)
npm http fetch GET 200 https://registry.npmjs.org/graceful-fs 378ms (cache revalidated)
npm http fetch GET 200 https://registry.npmjs.org/graceful-fs 384ms (cache revalidated)
npm http fetch GET 200 https://registry.npmjs.org/ini 376ms (cache revalidated)
npm http fetch GET 200 https://registry.npmjs.org/jsonfile 393ms (cache revalidated)
npm http fetch GET 200 https://registry.npmjs.org/once 390ms (cache revalidated)
npm http fetch GET 200 https://registry.npmjs.org/fs.realpath 393ms (cache revalidated)
npm http fetch GET 200 https://registry.npmjs.org/chokidar 389ms (cache revalidated)
npm http fetch GET 200 https://registry.npmjs.org/path-is-absolute 399ms (cache revalidated)
npm http fetch GET 200 https://registry.npmjs.org/inflight 403ms (cache revalidated)
npm http fetch GET 200 https://registry.npmjs.org/pify 416ms (cache revalidated)
npm http fetch GET 200 https://registry.npmjs.org/strip-dirs 415ms (cache revalidated)
npm http fetch GET 200 https://registry.npmjs.org/minimatch 406ms (cache revalidated)
npm http fetch GET 200 https://registry.npmjs.org/browser-stdout 425ms (cache revalidated)
npm http fetch GET 200 https://registry.npmjs.org/find-up 424ms (cache revalidated)
npm http fetch GET 200 https://registry.npmjs.org/he 424ms (cache revalidated)
npm http fetch GET 200 https://registry.npmjs.org/ms 427ms (cache revalidated)
npm http fetch GET 200 https://registry.npmjs.org/nanoid 427ms (cache revalidated)
npm http fetch GET 200 https://registry.npmjs.org/escape-string-regexp 435ms (cache revalidated)
npm http fetch GET 200 https://registry.npmjs.org/ansi-colors 443ms (cache revalidated)
npm http fetch GET 200 https://registry.npmjs.org/diff 444ms (cache revalidated)
npm http fetch GET 200 https://registry.npmjs.org/yargs-parser 441ms (cache revalidated)
npm http fetch GET 200 https://registry.npmjs.org/js-yaml 453ms (cache revalidated)
npm http fetch GET 200 https://registry.npmjs.org/serialize-javascript 458ms (cache revalidated)
npm http fetch GET 200 https://registry.npmjs.org/minimatch 463ms (cache revalidated)
npm http fetch GET 200 https://registry.npmjs.org/extend 472ms (cache revalidated)
npm http fetch GET 200 https://registry.npmjs.org/yargs-unparser 481ms (cache revalidated)
npm http fetch GET 200 https://registry.npmjs.org/js-message 482ms (cache revalidated)
npm http fetch GET 200 https://registry.npmjs.org/combined-stream 486ms (cache revalidated)
npm http fetch GET 200 https://registry.npmjs.org/strip-json-comments 498ms (cache revalidated)
npm http fetch GET 200 https://registry.npmjs.org/aws-sign2 497ms (cache revalidated)
npm http fetch GET 200 https://registry.npmjs.org/workerpool 507ms (cache revalidated)
npm http fetch GET 200 https://registry.npmjs.org/event-pubsub 527ms (cache revalidated)
npm http fetch GET 200 https://registry.npmjs.org/caseless 525ms (cache revalidated)
npm http fetch GET 200 https://registry.npmjs.org/aws4 527ms (cache revalidated)
npm http fetch GET 200 https://registry.npmjs.org/json-stringify-safe 517ms (cache revalidated)
npm http fetch GET 200 https://registry.npmjs.org/har-validator 530ms (cache revalidated)
npm http fetch GET 200 https://registry.npmjs.org/ps-tree 580ms (cache revalidated)
npm http fetch GET 200 https://registry.npmjs.org/decompress-tarbz2 577ms (cache revalidated)
npm http fetch GET 200 https://registry.npmjs.org/http-signature 542ms (cache revalidated)
npm http fetch GET 200 https://registry.npmjs.org/isstream 545ms (cache revalidated)
npm http fetch GET 200 https://registry.npmjs.org/form-data 555ms (cache revalidated)
npm http fetch GET 200 https://registry.npmjs.org/is-typedarray 555ms (cache revalidated)
npm http fetch GET 200 https://registry.npmjs.org/safe-buffer 545ms (cache revalidated)
npm http fetch GET 200 https://registry.npmjs.org/qs 549ms (cache revalidated)
npm http fetch GET 200 https://registry.npmjs.org/performance-now 561ms (cache revalidated)
npm http fetch GET 200 https://registry.npmjs.org/mime-types 564ms (cache revalidated)
npm http fetch GET 200 https://registry.npmjs.org/tunnel-agent 560ms (cache revalidated)
npm http fetch GET 200 https://registry.npmjs.org/buffer-crc32 625ms (cache revalidated)
npm http fetch GET 200 https://registry.npmjs.org/slice-ansi 568ms (cache revalidated)
npm http fetch GET 200 https://registry.npmjs.org/string-width 573ms (cache revalidated)
npm http fetch GET 200 https://registry.npmjs.org/extend 585ms (cache revalidated)
npm http fetch GET 200 https://registry.npmjs.org/tough-cookie 590ms (cache revalidated)
npm http fetch GET 200 https://registry.npmjs.org/inherits 631ms (cache revalidated)
npm http fetch GET 200 https://registry.npmjs.org/oauth-sign 602ms (cache revalidated)
npm http fetch GET 200 https://registry.npmjs.org/ajv 593ms (cache revalidated)
npm http fetch GET 200 https://registry.npmjs.org/pupa 592ms (cache revalidated)
npm http fetch GET 200 https://registry.npmjs.org/boxen 609ms (cache revalidated)
npm http fetch GET 200 https://registry.npmjs.org/semver-diff 603ms (cache revalidated)
npm http fetch GET 200 https://registry.npmjs.org/configstore 610ms (cache revalidated)
npm http fetch GET 200 https://registry.npmjs.org/import-lazy 618ms (cache revalidated)
npm http fetch GET 200 https://registry.npmjs.org/isstream 618ms (cache revalidated)
npm http fetch GET 200 https://registry.npmjs.org/latest-version 629ms (cache revalidated)
npm http fetch GET 200 https://registry.npmjs.org/xdg-basedir 630ms (cache revalidated)
npm http fetch GET 200 https://registry.npmjs.org/is-yarn-global 639ms (cache revalidated)
npm http fetch GET 200 https://registry.npmjs.org/colors 635ms (cache revalidated)
npm http fetch GET 200 https://registry.npmjs.org/find-up 623ms (cache revalidated)
npm http fetch GET 200 https://registry.npmjs.org/cliui 648ms (cache revalidated)
npm http fetch GET 200 https://registry.npmjs.org/require-main-filename 643ms (cache revalidated)
npm http fetch GET 200 https://registry.npmjs.org/yargs-parser 643ms (cache revalidated)
npm http fetch GET 200 https://registry.npmjs.org/get-caller-file 658ms (cache revalidated)
npm http fetch GET 200 https://registry.npmjs.org/set-blocking 664ms (cache revalidated)
npm http fetch GET 200 https://registry.npmjs.org/decamelize 681ms (cache revalidated)
npm http fetch GET 200 https://registry.npmjs.org/require-directory 674ms (cache revalidated)
npm http fetch GET 200 https://registry.npmjs.org/stack-trace 705ms (cache revalidated)
npm http fetch GET 200 https://registry.npmjs.org/which-module 688ms (cache revalidated)
npm http fetch GET 200 https://registry.npmjs.org/y18n 689ms (cache revalidated)
npm http fetch GET 200 https://registry.npmjs.org/archiver-utils 816ms (cache revalidated)
npm http fetch GET 200 https://registry.npmjs.org/is-npm 808ms (cache revalidated)
npm http fetch GET 200 https://registry.npmjs.org/readdir-glob 1119ms (cache revalidated)
npm http fetch GET 200 https://registry.npmjs.org/temp-fs 1156ms (cache revalidated)
npm http fetch GET 200 https://registry.npmjs.org/forever-agent 1245ms (cache revalidated)
npm http fetch GET 200 https://registry.npmjs.org/js-queue 1262ms (cache revalidated)
npm http fetch GET 200 https://registry.npmjs.org/eyes 1388ms (cache revalidated)
npm http fetch GET 200 https://registry.npmjs.org/has-yarn 1408ms (cache revalidated)
npm http fetch GET 200 https://registry.npmjs.org/cycle 1416ms (cache revalidated)
npm http fetch GET 200 https://registry.npmjs.org/string_decoder 93ms (cache revalidated)
npm http fetch GET 200 https://registry.npmjs.org/lodash.isplainobject 97ms (cache revalidated)
npm http fetch GET 200 https://registry.npmjs.org/lodash.difference 100ms (cache revalidated)
npm http fetch GET 200 https://registry.npmjs.org/compress-commons 92ms (cache revalidated)
npm http fetch GET 200 https://registry.npmjs.org/lodash.union 100ms (cache revalidated)
npm http fetch GET 200 https://registry.npmjs.org/lodash.flatten 108ms (cache revalidated)
npm http fetch GET 200 https://registry.npmjs.org/bl 107ms (cache revalidated)
npm http fetch GET 200 https://registry.npmjs.org/normalize-path 114ms (cache revalidated)
npm http fetch GET 200 https://registry.npmjs.org/lodash.defaults 121ms (cache revalidated)
npm http fetch GET 200 https://registry.npmjs.org/fs-constants 115ms (cache revalidated)
npm http fetch GET 200 https://registry.npmjs.org/util-deprecate 121ms (cache revalidated)
npm http fetch GET 200 https://registry.npmjs.org/end-of-stream 123ms (cache revalidated)
npm http fetch GET 200 https://registry.npmjs.org/lazystream 314ms (cache revalidated)
npm http fetch GET 200 https://registry.npmjs.org/process-nextick-args 73ms (cache revalidated)
npm http fetch GET 200 https://registry.npmjs.org/core-util-is 79ms (cache revalidated)
npm http fetch GET 200 https://registry.npmjs.org/isarray 79ms (cache revalidated)
npm http fetch GET 200 https://registry.npmjs.org/rimraf 70ms (cache revalidated)
npm http fetch GET 200 https://registry.npmjs.org/event-stream 76ms (cache revalidated)
npm http fetch GET 200 https://registry.npmjs.org/color-convert 69ms (cache revalidated)
npm http fetch GET 200 https://registry.npmjs.org/has-flag 72ms (cache revalidated)
npm http fetch GET 200 https://registry.npmjs.org/color-name 75ms (cache revalidated)
npm http fetch GET 200 https://registry.npmjs.org/strip-ansi 70ms (cache revalidated)
npm http fetch GET 200 https://registry.npmjs.org/emoji-regex 73ms (cache revalidated)
npm http fetch GET 200 https://registry.npmjs.org/is-fullwidth-code-point 78ms (cache revalidated)
npm http fetch GET 200 https://registry.npmjs.org/onetime 95ms (cache revalidated)
npm http fetch GET 200 https://registry.npmjs.org/npm-run-path 102ms (cache revalidated)
npm http fetch GET 200 https://registry.npmjs.org/merge-stream 104ms (cache revalidated)
npm http fetch GET 200 https://registry.npmjs.org/get-stream 102ms (cache revalidated)
npm http fetch GET 200 https://registry.npmjs.org/lodash.once 116ms (cache revalidated)
npm http fetch GET 200 https://registry.npmjs.org/strip-final-newline 120ms (cache revalidated)
npm http fetch GET 200 https://registry.npmjs.org/ieee754 134ms (cache revalidated)
npm http fetch GET 200 https://registry.npmjs.org/human-signals 132ms (cache revalidated)
npm http fetch GET 200 https://registry.npmjs.org/at-least-node 127ms (cache revalidated)
npm http fetch GET 200 https://registry.npmjs.org/restore-cursor 136ms (cache revalidated)
npm http fetch GET 200 https://registry.npmjs.org/cross-spawn 138ms (cache revalidated)
npm http fetch GET 200 https://registry.npmjs.org/get-stream 138ms (cache revalidated)
npm http fetch GET 200 https://registry.npmjs.org/signal-exit 135ms (cache revalidated)
npm http fetch GET 200 https://registry.npmjs.org/base64-js 144ms (cache revalidated)
npm http fetch GET 200 https://registry.npmjs.org/ci-info 134ms (cache revalidated)
npm http fetch GET 200 https://registry.npmjs.org/@types%2fyauzl 139ms (cache revalidated)
npm http fetch GET 200 https://registry.npmjs.org/is-stream 145ms (cache revalidated)
npm http fetch GET 200 https://registry.npmjs.org/rxjs 140ms (cache revalidated)
npm http fetch GET 200 https://registry.npmjs.org/wrap-ansi 154ms (cache revalidated)
npm http fetch GET 200 https://registry.npmjs.org/cli-truncate 163ms (cache revalidated)
npm http fetch GET 200 https://registry.npmjs.org/is-unicode-supported 161ms (cache revalidated)
npm http fetch GET 200 https://registry.npmjs.org/is-path-inside 169ms (cache revalidated)
npm http fetch GET 200 https://registry.npmjs.org/p-map 174ms (cache revalidated)
npm http fetch GET 200 https://registry.npmjs.org/log-update 176ms (cache revalidated)
npm http fetch GET 200 https://registry.npmjs.org/rfdc 175ms (cache revalidated)
npm http fetch GET 200 https://registry.npmjs.org/lru-cache 174ms (cache revalidated)
npm http fetch GET 200 https://registry.npmjs.org/fd-slicer 182ms (cache revalidated)
npm http fetch GET 200 https://registry.npmjs.org/global-dirs 215ms (cache revalidated)
npm http fetch GET 200 https://registry.npmjs.org/throttleit 395ms (cache revalidated)
npm http fetch GET 200 https://registry.npmjs.org/@colors%2fcolors 501ms (cache revalidated)
npm http fetch GET 200 https://registry.npmjs.org/through 940ms (cache revalidated)
npm http fetch GET 200 https://registry.npmjs.org/colorette 1069ms (cache revalidated)
npm http fetch GET 200 https://registry.npmjs.org/asynckit 44ms (cache revalidated)
npm http fetch GET 200 https://registry.npmjs.org/delayed-stream 68ms (cache revalidated)
npm http fetch GET 200 https://registry.npmjs.org/mime-db 70ms (cache revalidated)
npm http fetch GET 200 https://registry.npmjs.org/assert-plus 78ms (cache revalidated)
npm http fetch GET 200 https://registry.npmjs.org/url-parse 77ms (cache revalidated)
npm http fetch GET 200 https://registry.npmjs.org/sshpk 84ms (cache revalidated)
npm http fetch GET 200 https://registry.npmjs.org/jsprim 88ms (cache revalidated)
npm http fetch GET 200 https://registry.npmjs.org/psl 86ms (cache revalidated)
npm http fetch GET 200 https://registry.npmjs.org/side-channel 89ms (cache revalidated)
npm http fetch GET 200 https://registry.npmjs.org/punycode 89ms (cache revalidated)
npm http fetch GET 200 https://registry.npmjs.org/file-type 105ms (cache revalidated)
npm http fetch GET 200 https://registry.npmjs.org/file-type 111ms (cache revalidated)
npm http fetch GET 200 https://registry.npmjs.org/file-type 107ms (cache revalidated)
npm http fetch GET 200 https://registry.npmjs.org/unbzip2-stream 113ms (cache revalidated)
npm http fetch GET 200 https://registry.npmjs.org/seek-bzip 846ms (cache revalidated)
npm http fetch GET 200 https://registry.npmjs.org/is-natural-number 942ms (cache revalidated)
npm http fetch GET 200 https://registry.npmjs.org/xtend 72ms (cache revalidated)
npm http fetch GET 200 https://registry.npmjs.org/buffer-alloc 75ms (cache revalidated)
npm http fetch GET 200 https://registry.npmjs.org/to-buffer 851ms (cache revalidated)
npm http fetch GET 200 https://registry.npmjs.org/pinkie-promise 62ms (cache revalidated)
npm http fetch GET 200 https://registry.npmjs.org/object-assign 69ms (cache revalidated)
npm http fetch GET 200 https://registry.npmjs.org/ansi-regex 67ms (cache revalidated)
npm http fetch GET 200 https://registry.npmjs.org/pump 77ms (cache revalidated)
npm http fetch GET 200 https://registry.npmjs.org/shebang-command 82ms (cache revalidated)
npm http fetch GET 200 https://registry.npmjs.org/which 83ms (cache revalidated)
npm http fetch GET 200 https://registry.npmjs.org/mimic-fn 829ms (cache revalidated)
npm http fetch GET 200 https://registry.npmjs.org/path-key 862ms (cache revalidated)
npm http fetch GET 200 https://registry.npmjs.org/path-key 877ms (cache revalidated)
npm http fetch GET 200 https://registry.npmjs.org/shebang-regex 66ms (cache revalidated)
npm http fetch GET 200 https://registry.npmjs.org/isexe 66ms (cache revalidated)
npm http fetch GET 200 https://registry.npmjs.org/pinkie 66ms (cache revalidated)
npm http fetch GET 200 https://registry.npmjs.org/wrappy 78ms (cache revalidated)
npm http fetch GET 200 https://registry.npmjs.org/brace-expansion 78ms (cache revalidated)
npm http fetch GET 200 https://registry.npmjs.org/ecc-jsbn 68ms (cache revalidated)
npm http fetch GET 200 https://registry.npmjs.org/tweetnacl 76ms (cache revalidated)
npm http fetch GET 200 https://registry.npmjs.org/extsprintf 90ms (cache revalidated)
npm http fetch GET 200 https://registry.npmjs.org/jsbn 99ms (cache revalidated)
npm http fetch GET 200 https://registry.npmjs.org/asn1 105ms (cache revalidated)
npm http fetch GET 200 https://registry.npmjs.org/safer-buffer 101ms (cache revalidated)
npm http fetch GET 200 https://registry.npmjs.org/getpass 105ms (cache revalidated)
npm http fetch GET 200 https://registry.npmjs.org/dashdash 106ms (cache revalidated)
npm http fetch GET 200 https://registry.npmjs.org/verror 112ms (cache revalidated)
npm http fetch GET 200 https://registry.npmjs.org/bcrypt-pbkdf 124ms (cache revalidated)
npm http fetch GET 200 https://registry.npmjs.org/json-schema 891ms (cache revalidated)
npm http fetch GET 200 https://registry.npmjs.org/tslib 71ms (cache revalidated)
npm http fetch GET 200 https://registry.npmjs.org/ansi-escapes 74ms (cache revalidated)
npm http fetch GET 200 https://registry.npmjs.org/aggregate-error 86ms (cache revalidated)
npm http fetch GET 200 https://registry.npmjs.org/astral-regex 74ms (cache revalidated)
npm http fetch GET 200 https://registry.npmjs.org/type-fest 65ms (cache revalidated)
npm http fetch GET 200 https://registry.npmjs.org/balanced-match 61ms (cache revalidated)
npm http fetch GET 200 https://registry.npmjs.org/concat-map 75ms (cache revalidated)
npm http fetch GET 200 https://registry.npmjs.org/escalade 75ms (cache revalidated)
npm http fetch GET 200 https://registry.npmjs.org/fsevents 92ms (cache revalidated)
npm http fetch GET 200 https://registry.npmjs.org/flat 84ms (cache revalidated)
npm http fetch GET 200 https://registry.npmjs.org/is-plain-obj 99ms (cache revalidated)
npm http fetch GET 200 https://registry.npmjs.org/braces 119ms (cache revalidated)
npm http fetch GET 200 https://registry.npmjs.org/is-binary-path 119ms (cache revalidated)
npm http fetch GET 200 https://registry.npmjs.org/anymatch 123ms (cache revalidated)
npm http fetch GET 200 https://registry.npmjs.org/path-exists 128ms (cache revalidated)
npm http fetch GET 200 https://registry.npmjs.org/is-glob 133ms (cache revalidated)
npm http fetch GET 200 https://registry.npmjs.org/glob-parent 136ms (cache revalidated)
npm http fetch GET 200 https://registry.npmjs.org/locate-path 132ms (cache revalidated)
npm http fetch GET 200 https://registry.npmjs.org/camelcase 122ms (cache revalidated)
npm http fetch GET 200 https://registry.npmjs.org/argparse 132ms (cache revalidated)
npm http fetch GET 200 https://registry.npmjs.org/readdirp 307ms (cache revalidated)
npm http fetch GET 200 https://registry.npmjs.org/randombytes 894ms (cache revalidated)
npm http fetch GET 200 https://registry.npmjs.org/fill-range 53ms (cache revalidated)
npm http fetch GET 200 https://registry.npmjs.org/is-extglob 66ms (cache revalidated)
npm http fetch GET 200 https://registry.npmjs.org/picomatch 66ms (cache revalidated)
npm http fetch GET 200 https://registry.npmjs.org/picomatch 76ms (cache revalidated)
npm http fetch GET 200 https://registry.npmjs.org/binary-extensions 79ms (cache revalidated)
npm http fetch GET 200 https://registry.npmjs.org/to-regex-range 79ms (cache revalidated)
npm http fetch GET 200 https://registry.npmjs.org/is-number 65ms (cache revalidated)
npm http fetch GET 200 https://registry.npmjs.org/p-locate 64ms (cache revalidated)
npm http fetch GET 200 https://registry.npmjs.org/p-limit 62ms (cache revalidated)
npm http fetch GET 200 https://registry.npmjs.org/easy-stack 65ms (cache revalidated)
npm http fetch GET 200 https://registry.npmjs.org/yocto-queue 71ms (cache revalidated)
npm http fetch GET 200 https://registry.npmjs.org/indent-string 39ms (cache revalidated)
npm http fetch GET 200 https://registry.npmjs.org/clean-stack 68ms (cache revalidated)
npm http fetch GET 200 https://registry.npmjs.org/duplexer 70ms (cache revalidated)
npm http fetch GET 200 https://registry.npmjs.org/split 270ms (cache revalidated)
npm http fetch GET 200 https://registry.npmjs.org/from 854ms (cache revalidated)
npm http fetch GET 200 https://registry.npmjs.org/stream-combiner 897ms (cache revalidated)
npm http fetch GET 200 https://registry.npmjs.org/pause-stream 918ms (cache revalidated)
npm http fetch GET 200 https://registry.npmjs.org/map-stream 937ms (cache revalidated)
npm http fetch GET 200 https://registry.npmjs.org/call-bind 50ms (cache revalidated)
npm http fetch GET 200 https://registry.npmjs.org/object-inspect 65ms (cache revalidated)
npm http fetch GET 200 https://registry.npmjs.org/get-intrinsic 70ms (cache revalidated)
npm http fetch GET 200 https://registry.npmjs.org/har-schema 69ms (cache revalidated)
npm http fetch GET 200 https://registry.npmjs.org/uri-js 33ms (cache revalidated)
npm http fetch GET 200 https://registry.npmjs.org/json-schema-traverse 56ms (cache revalidated)
npm http fetch GET 200 https://registry.npmjs.org/fast-json-stable-stringify 70ms (cache revalidated)
npm http fetch GET 200 https://registry.npmjs.org/fast-deep-equal 72ms (cache revalidated)
npm http fetch GET 200 https://registry.npmjs.org/yallist 73ms (cache revalidated)
npm http fetch GET 200 https://registry.npmjs.org/has-symbols 38ms (cache revalidated)
npm http fetch GET 200 https://registry.npmjs.org/function-bind 66ms (cache revalidated)
npm http fetch GET 200 https://registry.npmjs.org/has-proto 70ms (cache revalidated)
npm http fetch GET 200 https://registry.npmjs.org/has 93ms (cache revalidated)
npm http fetch GET 200 https://registry.npmjs.org/querystringify 63ms (cache revalidated)
npm http fetch GET 200 https://registry.npmjs.org/requires-port 875ms (cache revalidated)
npm http fetch GET 200 https://registry.npmjs.org/widest-line 66ms (cache revalidated)
npm http fetch GET 200 https://registry.npmjs.org/dot-prop 78ms (cache revalidated)
npm http fetch GET 200 https://registry.npmjs.org/write-file-atomic 80ms (cache revalidated)
npm http fetch GET 200 https://registry.npmjs.org/unique-string 81ms (cache revalidated)
npm http fetch GET 200 https://registry.npmjs.org/package-json 82ms (cache revalidated)
npm http fetch GET 200 https://registry.npmjs.org/cli-boxes 90ms (cache revalidated)
npm http fetch GET 200 https://registry.npmjs.org/ansi-align 94ms (cache revalidated)
npm http fetch GET 200 https://registry.npmjs.org/escape-goat 859ms (cache revalidated)
npm http fetch GET 200 https://registry.npmjs.org/crypto-random-string 46ms (cache revalidated)
npm http fetch GET 200 https://registry.npmjs.org/is-obj 77ms (cache revalidated)
npm http fetch GET 200 https://registry.npmjs.org/imurmurhash 85ms (cache revalidated)
npm http fetch GET 200 https://registry.npmjs.org/typedarray-to-buffer 276ms (cache revalidated)
npm http fetch GET 200 https://registry.npmjs.org/registry-auth-token 86ms (cache revalidated)
npm http fetch GET 200 https://registry.npmjs.org/got 91ms (cache revalidated)
npm http fetch GET 200 https://registry.npmjs.org/registry-url 104ms (cache revalidated)
npm http fetch GET 200 https://registry.npmjs.org/cacheable-request 57ms (cache revalidated)
npm http fetch GET 200 https://registry.npmjs.org/p-cancelable 69ms (cache revalidated)
npm http fetch GET 200 https://registry.npmjs.org/duplexer3 78ms (cache revalidated)
npm http fetch GET 200 https://registry.npmjs.org/mimic-response 81ms (cache revalidated)
npm http fetch GET 200 https://registry.npmjs.org/decompress-response 86ms (cache revalidated)
npm http fetch GET 200 https://registry.npmjs.org/lowercase-keys 87ms (cache revalidated)
npm http fetch GET 200 https://registry.npmjs.org/to-readable-stream 86ms (cache revalidated)
npm http fetch GET 200 https://registry.npmjs.org/rc 85ms (cache revalidated)
npm http fetch GET 200 https://registry.npmjs.org/@szmarczak%2fhttp-timer 100ms (cache revalidated)
npm http fetch GET 200 https://registry.npmjs.org/rc 102ms (cache revalidated)
npm http fetch GET 200 https://registry.npmjs.org/url-parse-lax 104ms (cache revalidated)
npm http fetch GET 200 https://registry.npmjs.org/@sindresorhus%2fis 113ms (cache revalidated)
npm http fetch GET 200 https://registry.npmjs.org/defer-to-connect 50ms (cache revalidated)
npm http fetch GET 200 https://registry.npmjs.org/http-cache-semantics 50ms (cache revalidated)
npm http fetch GET 200 https://registry.npmjs.org/clone-response 78ms (cache revalidated)
npm http fetch GET 200 https://registry.npmjs.org/normalize-url 80ms (cache revalidated)
npm http fetch GET 200 https://registry.npmjs.org/responselike 91ms (cache revalidated)
npm http fetch GET 200 https://registry.npmjs.org/prepend-http 93ms (cache revalidated)
npm http fetch GET 200 https://registry.npmjs.org/keyv 100ms (cache revalidated)
npm http fetch GET 200 https://registry.npmjs.org/json-buffer 80ms (cache revalidated)
npm http fetch GET 200 https://registry.npmjs.org/deep-extend 65ms (cache revalidated)
npm http fetch GET 200 https://registry.npmjs.org/pend 66ms (cache revalidated)
npm http fetch GET 200 https://registry.npmjs.org/crc32-stream 272ms (cache revalidated)
npm http fetch GET 200 https://registry.npmjs.org/crc-32 70ms (cache revalidated)
npm http fetch GET 200 https://registry.npmjs.org/buffer-fill 74ms (cache revalidated)
npm http fetch GET 200 https://registry.npmjs.org/buffer-alloc-unsafe 75ms (cache revalidated)
npm http fetch GET 200 https://registry.npmjs.org/p-try 70ms (cache revalidated)
npm verb reify failed optional dependency E:\cypress1\BrowserStack\tmpBstackPackages\node_modules\fsevents
npm http fetch POST 200 https://registry.npmjs.org/-/npm/v1/security/advisories/bulk 925ms
npm WARN deprecated har-validator@5.1.5: this library is no longer supported
npm WARN deprecated uuid@3.4.0: Please upgrade  to version 7 or higher.  Older versions may use Math.random() in certain circumstances, which is known to be problematic.  See https://v8.dev/blog/math-random for details.
npm WARN deprecated request@2.88.2: request has been deprecated, see https://github.com/request/request/issues/3142
npm info run cypress@13.3.0 postinstall node_modules/cypress node index.js --exec install
npm info run cypress@13.3.0 postinstall { code: 0, signal: null }

added 444 packages, and audited 445 packages in 29s

62 packages are looking for funding
  run `npm fund` for details

7 moderate severity vulnerabilities

To address all issues (including breaking changes), run:
  npm audit fix --force

Run `npm audit` for details.
npm verb exit 0
npm info ok 
